-------------------------------------------------------------------------------
Test set: net.java.springboot.SpringbootEmsRestfulApplicationTests
-------------------------------------------------------------------------------
Tests run: 1, Failures: 0, Errors: 1, Skipped: 0, Time elapsed: 18.974 s <<< FAILURE! - in net.java.springboot.SpringbootEmsRestfulApplicationTests
contextLoads  Time elapsed: 0.003 s  <<< ERROR!
java.lang.IllegalStateException: Failed to load ApplicationContext
Caused by: org.springframework.beans.factory.BeanCreationException: 
Error creating bean with name 'requestMappingHandlerMapping' defined in class path resource [org/springframework/boot/autoconfigure/web/servlet/WebMvcAutoConfiguration$EnableWebMvcConfiguration.class]: Invocation of init method failed; nested exception is java.lang.IllegalStateException: Ambiguous mapping. Cannot map 'employeeController' method 
net.java.springboot.controller.EmployeeController#removeEmployee(Long, Long)
to {PUT [/api/v1/employees/{departId}/{employeeId}]}: There is already 'employeeController' bean method
net.java.springboot.controller.EmployeeController#addEmployee(Long, Long) mapped.
Caused by: java.lang.IllegalStateException: 
Ambiguous mapping. Cannot map 'employeeController' method 
net.java.springboot.controller.EmployeeController#removeEmployee(Long, Long)
to {PUT [/api/v1/employees/{departId}/{employeeId}]}: There is already 'employeeController' bean method
net.java.springboot.controller.EmployeeController#addEmployee(Long, Long) mapped.

